# Logfile created on 2012-04-06 13:55:10 +0100 by logger.rb/25413
REQUESTING PAGE: GET / with {} and HTTP headers {}
REQUESTING PAGE: GET /about with {} and HTTP headers {"HTTP_REFERER"=>"/"}
REQUESTING PAGE: GET /help with {} and HTTP headers {"HTTP_REFERER"=>"/about"}
REQUESTING PAGE: GET /contact with {} and HTTP headers {"HTTP_REFERER"=>"/help"}
REQUESTING PAGE: GET / with {} and HTTP headers {"HTTP_REFERER"=>"/contact"}
REQUESTING PAGE: GET /signup with {} and HTTP headers {"HTTP_REFERER"=>"/"}
REQUESTING PAGE: GET / with {} and HTTP headers {}
REQUESTING PAGE: GET /about with {} and HTTP headers {"HTTP_REFERER"=>"/"}
REQUESTING PAGE: GET /help with {} and HTTP headers {"HTTP_REFERER"=>"/about"}
REQUESTING PAGE: GET /contact with {} and HTTP headers {"HTTP_REFERER"=>"/help"}
REQUESTING PAGE: GET / with {} and HTTP headers {"HTTP_REFERER"=>"/contact"}
REQUESTING PAGE: GET /signup with {} and HTTP headers {"HTTP_REFERER"=>"/"}
REQUESTING PAGE: GET / with {} and HTTP headers {}
REQUESTING PAGE: GET /about with {} and HTTP headers {"HTTP_REFERER"=>"/"}
REQUESTING PAGE: GET /help with {} and HTTP headers {"HTTP_REFERER"=>"/about"}
REQUESTING PAGE: GET /contact with {} and HTTP headers {"HTTP_REFERER"=>"/help"}
REQUESTING PAGE: GET / with {} and HTTP headers {"HTTP_REFERER"=>"/contact"}
REQUESTING PAGE: GET /signup with {} and HTTP headers {"HTTP_REFERER"=>"/"}
REQUESTING PAGE: GET / with {} and HTTP headers {}
REQUESTING PAGE: GET /about with {} and HTTP headers {"HTTP_REFERER"=>"/"}
REQUESTING PAGE: GET /help with {} and HTTP headers {"HTTP_REFERER"=>"/about"}
REQUESTING PAGE: GET /contact with {} and HTTP headers {"HTTP_REFERER"=>"/help"}
REQUESTING PAGE: GET / with {} and HTTP headers {"HTTP_REFERER"=>"/contact"}
REQUESTING PAGE: GET /signup with {} and HTTP headers {"HTTP_REFERER"=>"/"}
REQUESTING PAGE: GET / with {} and HTTP headers {}
REQUESTING PAGE: GET /about with {} and HTTP headers {"HTTP_REFERER"=>"/"}
REQUESTING PAGE: GET /help with {} and HTTP headers {"HTTP_REFERER"=>"/about"}
REQUESTING PAGE: GET /contact with {} and HTTP headers {"HTTP_REFERER"=>"/help"}
REQUESTING PAGE: GET / with {} and HTTP headers {"HTTP_REFERER"=>"/contact"}
REQUESTING PAGE: GET /signup with {} and HTTP headers {"HTTP_REFERER"=>"/"}
REQUESTING PAGE: GET / with {} and HTTP headers {}
REQUESTING PAGE: GET /about with {} and HTTP headers {"HTTP_REFERER"=>"/"}
REQUESTING PAGE: GET /help with {} and HTTP headers {"HTTP_REFERER"=>"/about"}
REQUESTING PAGE: GET /contact with {} and HTTP headers {"HTTP_REFERER"=>"/help"}
REQUESTING PAGE: GET / with {} and HTTP headers {"HTTP_REFERER"=>"/contact"}
REQUESTING PAGE: GET /signup with {} and HTTP headers {"HTTP_REFERER"=>"/"}
REQUESTING PAGE: GET / with {} and HTTP headers {}
REQUESTING PAGE: GET /about with {} and HTTP headers {"HTTP_REFERER"=>"/"}
REQUESTING PAGE: GET /help with {} and HTTP headers {"HTTP_REFERER"=>"/about"}
REQUESTING PAGE: GET /contact with {} and HTTP headers {"HTTP_REFERER"=>"/help"}
REQUESTING PAGE: GET / with {} and HTTP headers {"HTTP_REFERER"=>"/contact"}
REQUESTING PAGE: GET /signup with {} and HTTP headers {"HTTP_REFERER"=>"/"}
REQUESTING PAGE: GET / with {} and HTTP headers {}
REQUESTING PAGE: GET /about with {} and HTTP headers {"HTTP_REFERER"=>"/"}
REQUESTING PAGE: GET /help with {} and HTTP headers {"HTTP_REFERER"=>"/about"}
REQUESTING PAGE: GET /contact with {} and HTTP headers {"HTTP_REFERER"=>"/help"}
REQUESTING PAGE: GET / with {} and HTTP headers {"HTTP_REFERER"=>"/contact"}
REQUESTING PAGE: GET /signup with {} and HTTP headers {"HTTP_REFERER"=>"/"}
REQUESTING PAGE: GET / with {} and HTTP headers {}
REQUESTING PAGE: GET /about with {} and HTTP headers {"HTTP_REFERER"=>"/"}
REQUESTING PAGE: GET /help with {} and HTTP headers {"HTTP_REFERER"=>"/about"}
REQUESTING PAGE: GET /contact with {} and HTTP headers {"HTTP_REFERER"=>"/help"}
REQUESTING PAGE: GET / with {} and HTTP headers {"HTTP_REFERER"=>"/contact"}
REQUESTING PAGE: GET /signup with {} and HTTP headers {"HTTP_REFERER"=>"/"}
REQUESTING PAGE: GET / with {} and HTTP headers {}
REQUESTING PAGE: GET /about with {} and HTTP headers {"HTTP_REFERER"=>"/"}
REQUESTING PAGE: GET /help with {} and HTTP headers {"HTTP_REFERER"=>"/about"}
REQUESTING PAGE: GET /contact with {} and HTTP headers {"HTTP_REFERER"=>"/help"}
REQUESTING PAGE: GET / with {} and HTTP headers {"HTTP_REFERER"=>"/contact"}
REQUESTING PAGE: GET /signup with {} and HTTP headers {"HTTP_REFERER"=>"/"}
REQUESTING PAGE: GET / with {} and HTTP headers {}
REQUESTING PAGE: GET /about with {} and HTTP headers {"HTTP_REFERER"=>"/"}
REQUESTING PAGE: GET /help with {} and HTTP headers {"HTTP_REFERER"=>"/about"}
REQUESTING PAGE: GET /contact with {} and HTTP headers {"HTTP_REFERER"=>"/help"}
REQUESTING PAGE: GET / with {} and HTTP headers {"HTTP_REFERER"=>"/contact"}
REQUESTING PAGE: GET /signup with {} and HTTP headers {"HTTP_REFERER"=>"/"}
REQUESTING PAGE: GET / with {} and HTTP headers {}
REQUESTING PAGE: GET /about with {} and HTTP headers {"HTTP_REFERER"=>"/"}
REQUESTING PAGE: GET /help with {} and HTTP headers {"HTTP_REFERER"=>"/about"}
REQUESTING PAGE: GET /contact with {} and HTTP headers {"HTTP_REFERER"=>"/help"}
REQUESTING PAGE: GET / with {} and HTTP headers {"HTTP_REFERER"=>"/contact"}
REQUESTING PAGE: GET /signup with {} and HTTP headers {"HTTP_REFERER"=>"/"}
REQUESTING PAGE: GET / with {} and HTTP headers {}
REQUESTING PAGE: GET /about with {} and HTTP headers {"HTTP_REFERER"=>"/"}
REQUESTING PAGE: GET /help with {} and HTTP headers {"HTTP_REFERER"=>"/about"}
REQUESTING PAGE: GET /contact with {} and HTTP headers {"HTTP_REFERER"=>"/help"}
REQUESTING PAGE: GET / with {} and HTTP headers {"HTTP_REFERER"=>"/contact"}
REQUESTING PAGE: GET /signup with {} and HTTP headers {"HTTP_REFERER"=>"/"}
REQUESTING PAGE: GET / with {} and HTTP headers {}
REQUESTING PAGE: GET /about with {} and HTTP headers {"HTTP_REFERER"=>"/"}
REQUESTING PAGE: GET /help with {} and HTTP headers {"HTTP_REFERER"=>"/about"}
REQUESTING PAGE: GET /contact with {} and HTTP headers {"HTTP_REFERER"=>"/help"}
REQUESTING PAGE: GET / with {} and HTTP headers {"HTTP_REFERER"=>"/contact"}
REQUESTING PAGE: GET /signup with {} and HTTP headers {"HTTP_REFERER"=>"/"}
REQUESTING PAGE: GET / with {} and HTTP headers {}
REQUESTING PAGE: GET /about with {} and HTTP headers {"HTTP_REFERER"=>"/"}
REQUESTING PAGE: GET /help with {} and HTTP headers {"HTTP_REFERER"=>"/about"}
REQUESTING PAGE: GET /contact with {} and HTTP headers {"HTTP_REFERER"=>"/help"}
REQUESTING PAGE: GET / with {} and HTTP headers {"HTTP_REFERER"=>"/contact"}
REQUESTING PAGE: GET /signup with {} and HTTP headers {"HTTP_REFERER"=>"/"}
REQUESTING PAGE: GET / with {} and HTTP headers {}
REQUESTING PAGE: GET /about with {} and HTTP headers {"HTTP_REFERER"=>"/"}
REQUESTING PAGE: GET /help with {} and HTTP headers {"HTTP_REFERER"=>"/about"}
REQUESTING PAGE: GET /contact with {} and HTTP headers {"HTTP_REFERER"=>"/help"}
REQUESTING PAGE: GET / with {} and HTTP headers {"HTTP_REFERER"=>"/contact"}
REQUESTING PAGE: GET /signup with {} and HTTP headers {"HTTP_REFERER"=>"/"}
REQUESTING PAGE: GET / with {} and HTTP headers {}
REQUESTING PAGE: GET /about with {} and HTTP headers {"HTTP_REFERER"=>"/"}
REQUESTING PAGE: GET /help with {} and HTTP headers {"HTTP_REFERER"=>"/about"}
REQUESTING PAGE: GET /contact with {} and HTTP headers {"HTTP_REFERER"=>"/help"}
REQUESTING PAGE: GET / with {} and HTTP headers {"HTTP_REFERER"=>"/contact"}
REQUESTING PAGE: GET /signup with {} and HTTP headers {"HTTP_REFERER"=>"/"}
REQUESTING PAGE: GET / with {} and HTTP headers {}
REQUESTING PAGE: GET /about with {} and HTTP headers {"HTTP_REFERER"=>"/"}
REQUESTING PAGE: GET /help with {} and HTTP headers {"HTTP_REFERER"=>"/about"}
REQUESTING PAGE: GET /contact with {} and HTTP headers {"HTTP_REFERER"=>"/help"}
REQUESTING PAGE: GET / with {} and HTTP headers {"HTTP_REFERER"=>"/contact"}
REQUESTING PAGE: GET /signup with {} and HTTP headers {"HTTP_REFERER"=>"/"}
REQUESTING PAGE: GET / with {} and HTTP headers {}
REQUESTING PAGE: GET /about with {} and HTTP headers {"HTTP_REFERER"=>"/"}
REQUESTING PAGE: GET /help with {} and HTTP headers {"HTTP_REFERER"=>"/about"}
REQUESTING PAGE: GET /contact with {} and HTTP headers {"HTTP_REFERER"=>"/help"}
REQUESTING PAGE: GET / with {} and HTTP headers {"HTTP_REFERER"=>"/contact"}
REQUESTING PAGE: GET /signup with {} and HTTP headers {"HTTP_REFERER"=>"/"}
REQUESTING PAGE: GET / with {} and HTTP headers {}
REQUESTING PAGE: GET /about with {} and HTTP headers {"HTTP_REFERER"=>"/"}
REQUESTING PAGE: GET /help with {} and HTTP headers {"HTTP_REFERER"=>"/about"}
REQUESTING PAGE: GET /contact with {} and HTTP headers {"HTTP_REFERER"=>"/help"}
REQUESTING PAGE: GET / with {} and HTTP headers {"HTTP_REFERER"=>"/contact"}
REQUESTING PAGE: GET /signup with {} and HTTP headers {"HTTP_REFERER"=>"/"}
REQUESTING PAGE: GET / with {} and HTTP headers {}
REQUESTING PAGE: GET /about with {} and HTTP headers {"HTTP_REFERER"=>"/"}
REQUESTING PAGE: GET /help with {} and HTTP headers {"HTTP_REFERER"=>"/about"}
REQUESTING PAGE: GET /contact with {} and HTTP headers {"HTTP_REFERER"=>"/help"}
REQUESTING PAGE: GET / with {} and HTTP headers {"HTTP_REFERER"=>"/contact"}
REQUESTING PAGE: GET /signup with {} and HTTP headers {"HTTP_REFERER"=>"/"}
REQUESTING PAGE: GET / with {} and HTTP headers {}
REQUESTING PAGE: GET /about with {} and HTTP headers {"HTTP_REFERER"=>"/"}
REQUESTING PAGE: GET /help with {} and HTTP headers {"HTTP_REFERER"=>"/about"}
REQUESTING PAGE: GET /contact with {} and HTTP headers {"HTTP_REFERER"=>"/help"}
REQUESTING PAGE: GET / with {} and HTTP headers {"HTTP_REFERER"=>"/contact"}
REQUESTING PAGE: GET /signup with {} and HTTP headers {"HTTP_REFERER"=>"/"}
REQUESTING PAGE: GET /signup with {} and HTTP headers {}
REQUESTING PAGE: POST /users with {"utf8"=>"✓", "user"=>{"name"=>"", "email"=>"", "password"=>"", "password_confirmation"=>""}, "commit"=>"Sign up"} and HTTP headers {"HTTP_REFERER"=>"/signup"}
REQUESTING PAGE: GET / with {} and HTTP headers {}
REQUESTING PAGE: GET /about with {} and HTTP headers {"HTTP_REFERER"=>"/"}
REQUESTING PAGE: GET /help with {} and HTTP headers {"HTTP_REFERER"=>"/about"}
REQUESTING PAGE: GET /contact with {} and HTTP headers {"HTTP_REFERER"=>"/help"}
REQUESTING PAGE: GET / with {} and HTTP headers {"HTTP_REFERER"=>"/contact"}
REQUESTING PAGE: GET /signup with {} and HTTP headers {"HTTP_REFERER"=>"/"}
REQUESTING PAGE: GET /signup with {} and HTTP headers {}
REQUESTING PAGE: POST /users with {"utf8"=>"✓", "user"=>{"name"=>"", "email"=>"", "password"=>"", "password_confirmation"=>""}, "commit"=>"Sign up"} and HTTP headers {"HTTP_REFERER"=>"/signup"}
REQUESTING PAGE: GET / with {} and HTTP headers {}
REQUESTING PAGE: GET /about with {} and HTTP headers {"HTTP_REFERER"=>"/"}
REQUESTING PAGE: GET /help with {} and HTTP headers {"HTTP_REFERER"=>"/about"}
REQUESTING PAGE: GET /contact with {} and HTTP headers {"HTTP_REFERER"=>"/help"}
REQUESTING PAGE: GET / with {} and HTTP headers {"HTTP_REFERER"=>"/contact"}
REQUESTING PAGE: GET /signup with {} and HTTP headers {"HTTP_REFERER"=>"/"}
REQUESTING PAGE: GET /signup with {} and HTTP headers {}
REQUESTING PAGE: POST /users with {"utf8"=>"✓", "user"=>{"name"=>"", "email"=>"", "password"=>"", "password_confirmation"=>""}, "commit"=>"Sign up"} and HTTP headers {"HTTP_REFERER"=>"/signup"}
REQUESTING PAGE: GET / with {} and HTTP headers {}
REQUESTING PAGE: GET /about with {} and HTTP headers {"HTTP_REFERER"=>"/"}
REQUESTING PAGE: GET /help with {} and HTTP headers {"HTTP_REFERER"=>"/about"}
REQUESTING PAGE: GET /contact with {} and HTTP headers {"HTTP_REFERER"=>"/help"}
REQUESTING PAGE: GET / with {} and HTTP headers {"HTTP_REFERER"=>"/contact"}
REQUESTING PAGE: GET /signup with {} and HTTP headers {"HTTP_REFERER"=>"/"}
REQUESTING PAGE: GET /signup with {} and HTTP headers {}
REQUESTING PAGE: POST /users with {"utf8"=>"✓", "user"=>{"name"=>"", "email"=>"", "password"=>"", "password_confirmation"=>""}, "commit"=>"Sign up"} and HTTP headers {"HTTP_REFERER"=>"/signup"}
REQUESTING PAGE: GET /signup with {} and HTTP headers {}
REQUESTING PAGE: POST /users with {"utf8"=>"✓", "user"=>{"name"=>"Example User", "email"=>"user@example.com", "password"=>"foobar", "password_confirmation"=>"foobar"}, "commit"=>"Sign up"} and HTTP headers {"HTTP_REFERER"=>"/signup"}
REQUESTING PAGE: GET http://www.example.com/users/187 with {} and HTTP headers {"HTTP_REFERER"=>"/users"}
REQUESTING PAGE: GET / with {} and HTTP headers {}
REQUESTING PAGE: GET /about with {} and HTTP headers {"HTTP_REFERER"=>"/"}
REQUESTING PAGE: GET /help with {} and HTTP headers {"HTTP_REFERER"=>"/about"}
REQUESTING PAGE: GET /contact with {} and HTTP headers {"HTTP_REFERER"=>"/help"}
REQUESTING PAGE: GET / with {} and HTTP headers {"HTTP_REFERER"=>"/contact"}
REQUESTING PAGE: GET /signup with {} and HTTP headers {"HTTP_REFERER"=>"/"}
REQUESTING PAGE: GET /signup with {} and HTTP headers {}
REQUESTING PAGE: POST /users with {"utf8"=>"✓", "user"=>{"name"=>"", "email"=>"", "password"=>"", "password_confirmation"=>""}, "commit"=>"Sign up"} and HTTP headers {"HTTP_REFERER"=>"/signup"}
REQUESTING PAGE: GET /signup with {} and HTTP headers {}
REQUESTING PAGE: POST /users with {"utf8"=>"✓", "user"=>{"name"=>"Example User", "email"=>"user@example.com", "password"=>"foobar", "password_confirmation"=>"foobar"}, "commit"=>"Sign up"} and HTTP headers {"HTTP_REFERER"=>"/signup"}
REQUESTING PAGE: GET http://www.example.com/users/206 with {} and HTTP headers {"HTTP_REFERER"=>"/users"}
REQUESTING PAGE: GET / with {} and HTTP headers {}
REQUESTING PAGE: GET /about with {} and HTTP headers {"HTTP_REFERER"=>"/"}
REQUESTING PAGE: GET /help with {} and HTTP headers {"HTTP_REFERER"=>"/about"}
REQUESTING PAGE: GET /contact with {} and HTTP headers {"HTTP_REFERER"=>"/help"}
REQUESTING PAGE: GET / with {} and HTTP headers {"HTTP_REFERER"=>"/contact"}
REQUESTING PAGE: GET /signup with {} and HTTP headers {"HTTP_REFERER"=>"/"}
REQUESTING PAGE: GET /signup with {} and HTTP headers {}
REQUESTING PAGE: POST /users with {"utf8"=>"✓", "user"=>{"name"=>"", "email"=>"", "password"=>"", "password_confirmation"=>""}, "commit"=>"Sign up"} and HTTP headers {"HTTP_REFERER"=>"/signup"}
REQUESTING PAGE: GET /signup with {} and HTTP headers {}
REQUESTING PAGE: POST /users with {"utf8"=>"✓", "user"=>{"name"=>"Example User", "email"=>"user@example.com", "password"=>"foobar", "password_confirmation"=>"foobar"}, "commit"=>"Sign up"} and HTTP headers {"HTTP_REFERER"=>"/signup"}
REQUESTING PAGE: GET http://www.example.com/users/225 with {} and HTTP headers {"HTTP_REFERER"=>"/users"}
REQUESTING PAGE: GET / with {} and HTTP headers {}
REQUESTING PAGE: GET /about with {} and HTTP headers {"HTTP_REFERER"=>"/"}
REQUESTING PAGE: GET /help with {} and HTTP headers {"HTTP_REFERER"=>"/about"}
REQUESTING PAGE: GET /contact with {} and HTTP headers {"HTTP_REFERER"=>"/help"}
REQUESTING PAGE: GET / with {} and HTTP headers {"HTTP_REFERER"=>"/contact"}
REQUESTING PAGE: GET /signup with {} and HTTP headers {"HTTP_REFERER"=>"/"}
REQUESTING PAGE: GET /signup with {} and HTTP headers {}
REQUESTING PAGE: POST /users with {"utf8"=>"✓", "user"=>{"name"=>"", "email"=>"", "password"=>"", "password_confirmation"=>""}, "commit"=>"Sign up"} and HTTP headers {"HTTP_REFERER"=>"/signup"}
REQUESTING PAGE: GET /signup with {} and HTTP headers {}
REQUESTING PAGE: POST /users with {"utf8"=>"✓", "user"=>{"name"=>"Example User", "email"=>"user@example.com", "password"=>"foobar", "password_confirmation"=>"foobar"}, "commit"=>"Sign up"} and HTTP headers {"HTTP_REFERER"=>"/signup"}
REQUESTING PAGE: GET http://www.example.com/users/246 with {} and HTTP headers {"HTTP_REFERER"=>"/users"}
REQUESTING PAGE: GET / with {} and HTTP headers {}
REQUESTING PAGE: GET /about with {} and HTTP headers {"HTTP_REFERER"=>"/"}
REQUESTING PAGE: GET /help with {} and HTTP headers {"HTTP_REFERER"=>"/about"}
REQUESTING PAGE: GET /contact with {} and HTTP headers {"HTTP_REFERER"=>"/help"}
REQUESTING PAGE: GET / with {} and HTTP headers {"HTTP_REFERER"=>"/contact"}
REQUESTING PAGE: GET /signup with {} and HTTP headers {"HTTP_REFERER"=>"/"}
REQUESTING PAGE: GET /signup with {} and HTTP headers {}
REQUESTING PAGE: POST /users with {"utf8"=>"✓", "user"=>{"name"=>"", "email"=>"", "password"=>"", "password_confirmation"=>""}, "commit"=>"Sign up"} and HTTP headers {"HTTP_REFERER"=>"/signup"}
REQUESTING PAGE: GET /signup with {} and HTTP headers {}
REQUESTING PAGE: POST /users with {"utf8"=>"✓", "user"=>{"name"=>"Example User", "email"=>"user@example.com", "password"=>"foobar", "password_confirmation"=>"foobar"}, "commit"=>"Sign up"} and HTTP headers {"HTTP_REFERER"=>"/signup"}
REQUESTING PAGE: GET http://www.example.com/users/267 with {} and HTTP headers {"HTTP_REFERER"=>"/users"}
REQUESTING PAGE: GET / with {} and HTTP headers {}
REQUESTING PAGE: GET /about with {} and HTTP headers {"HTTP_REFERER"=>"/"}
REQUESTING PAGE: GET /help with {} and HTTP headers {"HTTP_REFERER"=>"/about"}
REQUESTING PAGE: GET /contact with {} and HTTP headers {"HTTP_REFERER"=>"/help"}
REQUESTING PAGE: GET / with {} and HTTP headers {"HTTP_REFERER"=>"/contact"}
REQUESTING PAGE: GET /signup with {} and HTTP headers {"HTTP_REFERER"=>"/"}
REQUESTING PAGE: GET /signup with {} and HTTP headers {}
REQUESTING PAGE: POST /users with {"utf8"=>"✓", "user"=>{"name"=>"", "email"=>"", "password"=>"", "password_confirmation"=>""}, "commit"=>"Sign up"} and HTTP headers {"HTTP_REFERER"=>"/signup"}
REQUESTING PAGE: GET /signup with {} and HTTP headers {}
REQUESTING PAGE: POST /users with {"utf8"=>"✓", "user"=>{"name"=>"Example User", "email"=>"user@example.com", "password"=>"foobar", "password_confirmation"=>"foobar"}, "commit"=>"Sign up"} and HTTP headers {"HTTP_REFERER"=>"/signup"}
REQUESTING PAGE: GET http://www.example.com/users/288 with {} and HTTP headers {"HTTP_REFERER"=>"/users"}
REQUESTING PAGE: GET / with {} and HTTP headers {}
REQUESTING PAGE: GET /about with {} and HTTP headers {"HTTP_REFERER"=>"/"}
REQUESTING PAGE: GET /help with {} and HTTP headers {"HTTP_REFERER"=>"/about"}
REQUESTING PAGE: GET /contact with {} and HTTP headers {"HTTP_REFERER"=>"/help"}
REQUESTING PAGE: GET / with {} and HTTP headers {"HTTP_REFERER"=>"/contact"}
REQUESTING PAGE: GET /signup with {} and HTTP headers {"HTTP_REFERER"=>"/"}
REQUESTING PAGE: GET /signup with {} and HTTP headers {}
REQUESTING PAGE: POST /users with {"utf8"=>"✓", "user"=>{"name"=>"", "email"=>"", "password"=>"", "password_confirmation"=>""}, "commit"=>"Sign up"} and HTTP headers {"HTTP_REFERER"=>"/signup"}
REQUESTING PAGE: GET /signup with {} and HTTP headers {}
REQUESTING PAGE: POST /users with {"utf8"=>"✓", "user"=>{"name"=>"Example User", "email"=>"user@example.com", "password"=>"foobar", "password_confirmation"=>"foobar"}, "commit"=>"Sign up"} and HTTP headers {"HTTP_REFERER"=>"/signup"}
REQUESTING PAGE: GET http://www.example.com/users/311 with {} and HTTP headers {"HTTP_REFERER"=>"/users"}
REQUESTING PAGE: GET /signin with {} and HTTP headers {}
REQUESTING PAGE: POST /sessions with {"utf8"=>"✓", "session"=>{"email"=>"", "password"=>""}, "commit"=>"Log in"} and HTTP headers {"HTTP_REFERER"=>"/signin"}
REQUESTING PAGE: GET /signin with {} and HTTP headers {}
REQUESTING PAGE: POST /sessions with {"utf8"=>"✓", "session"=>{"email"=>"mhartl@example.com", "password"=>"foobar"}, "commit"=>"Log in"} and HTTP headers {"HTTP_REFERER"=>"/signin"}
REQUESTING PAGE: GET http://www.example.com/users/312 with {} and HTTP headers {"HTTP_REFERER"=>"/sessions"}
REQUESTING PAGE: GET /signout with {} and HTTP headers {"HTTP_REFERER"=>"http://www.example.com/users/312"}
REQUESTING PAGE: GET http://www.example.com/ with {} and HTTP headers {"HTTP_REFERER"=>"/signout"}
REQUESTING PAGE: GET / with {} and HTTP headers {}
REQUESTING PAGE: GET /about with {} and HTTP headers {"HTTP_REFERER"=>"/"}
REQUESTING PAGE: GET /help with {} and HTTP headers {"HTTP_REFERER"=>"/about"}
REQUESTING PAGE: GET /contact with {} and HTTP headers {"HTTP_REFERER"=>"/help"}
REQUESTING PAGE: GET / with {} and HTTP headers {"HTTP_REFERER"=>"/contact"}
REQUESTING PAGE: GET /signup with {} and HTTP headers {"HTTP_REFERER"=>"/"}
REQUESTING PAGE: GET / with {} and HTTP headers {}
REQUESTING PAGE: GET /signin with {} and HTTP headers {}
REQUESTING PAGE: POST /sessions with {"utf8"=>"✓", "session"=>{"email"=>"mhartl@example.com", "password"=>"foobar"}, "commit"=>"Log in"} and HTTP headers {"HTTP_REFERER"=>"/signin"}
REQUESTING PAGE: GET http://www.example.com/users/313 with {} and HTTP headers {"HTTP_REFERER"=>"/sessions"}
REQUESTING PAGE: GET / with {} and HTTP headers {"HTTP_REFERER"=>"http://www.example.com/users/313"}
REQUESTING PAGE: GET /signup with {} and HTTP headers {}
REQUESTING PAGE: POST /users with {"utf8"=>"✓", "user"=>{"name"=>"", "email"=>"", "password"=>"", "password_confirmation"=>""}, "commit"=>"Sign up"} and HTTP headers {"HTTP_REFERER"=>"/signup"}
REQUESTING PAGE: GET /signup with {} and HTTP headers {}
REQUESTING PAGE: POST /users with {"utf8"=>"✓", "user"=>{"name"=>"Example User", "email"=>"user@example.com", "password"=>"foobar", "password_confirmation"=>"foobar"}, "commit"=>"Sign up"} and HTTP headers {"HTTP_REFERER"=>"/signup"}
REQUESTING PAGE: GET http://www.example.com/users/336 with {} and HTTP headers {"HTTP_REFERER"=>"/users"}
REQUESTING PAGE: GET /signin with {} and HTTP headers {}
REQUESTING PAGE: POST /sessions with {"utf8"=>"✓", "session"=>{"email"=>"", "password"=>""}, "commit"=>"Log in"} and HTTP headers {"HTTP_REFERER"=>"/signin"}
REQUESTING PAGE: GET /signin with {} and HTTP headers {}
REQUESTING PAGE: POST /sessions with {"utf8"=>"✓", "session"=>{"email"=>"mhartl@example.com", "password"=>"foobar"}, "commit"=>"Log in"} and HTTP headers {"HTTP_REFERER"=>"/signin"}
REQUESTING PAGE: GET http://www.example.com/users/337 with {} and HTTP headers {"HTTP_REFERER"=>"/sessions"}
REQUESTING PAGE: GET /signout with {} and HTTP headers {"HTTP_REFERER"=>"http://www.example.com/users/337"}
REQUESTING PAGE: GET http://www.example.com/ with {} and HTTP headers {"HTTP_REFERER"=>"/signout"}
REQUESTING PAGE: GET / with {} and HTTP headers {}
REQUESTING PAGE: GET /about with {} and HTTP headers {"HTTP_REFERER"=>"/"}
REQUESTING PAGE: GET /help with {} and HTTP headers {"HTTP_REFERER"=>"/about"}
REQUESTING PAGE: GET /contact with {} and HTTP headers {"HTTP_REFERER"=>"/help"}
REQUESTING PAGE: GET / with {} and HTTP headers {"HTTP_REFERER"=>"/contact"}
REQUESTING PAGE: GET /signup with {} and HTTP headers {"HTTP_REFERER"=>"/"}
REQUESTING PAGE: GET / with {} and HTTP headers {}
REQUESTING PAGE: GET /signin with {} and HTTP headers {}
REQUESTING PAGE: POST /sessions with {"utf8"=>"✓", "session"=>{"email"=>"mhartl@example.com", "password"=>"foobar"}, "commit"=>"Log in"} and HTTP headers {"HTTP_REFERER"=>"/signin"}
REQUESTING PAGE: GET http://www.example.com/users/338 with {} and HTTP headers {"HTTP_REFERER"=>"/sessions"}
REQUESTING PAGE: GET / with {} and HTTP headers {"HTTP_REFERER"=>"http://www.example.com/users/338"}
REQUESTING PAGE: GET /signup with {} and HTTP headers {}
REQUESTING PAGE: POST /users with {"utf8"=>"✓", "user"=>{"name"=>"", "email"=>"", "password"=>"", "password_confirmation"=>""}, "commit"=>"Sign up"} and HTTP headers {"HTTP_REFERER"=>"/signup"}
REQUESTING PAGE: GET /signup with {} and HTTP headers {}
REQUESTING PAGE: POST /users with {"utf8"=>"✓", "user"=>{"name"=>"Example User", "email"=>"user@example.com", "password"=>"foobar", "password_confirmation"=>"foobar"}, "commit"=>"Sign up"} and HTTP headers {"HTTP_REFERER"=>"/signup"}
REQUESTING PAGE: GET http://www.example.com/users/361 with {} and HTTP headers {"HTTP_REFERER"=>"/users"}
REQUESTING PAGE: GET /signin with {} and HTTP headers {}
REQUESTING PAGE: POST /sessions with {"utf8"=>"✓", "session"=>{"email"=>"", "password"=>""}, "commit"=>"Log in"} and HTTP headers {"HTTP_REFERER"=>"/signin"}
REQUESTING PAGE: GET /signin with {} and HTTP headers {}
REQUESTING PAGE: POST /sessions with {"utf8"=>"✓", "session"=>{"email"=>"mhartl@example.com", "password"=>"foobar"}, "commit"=>"Log in"} and HTTP headers {"HTTP_REFERER"=>"/signin"}
REQUESTING PAGE: GET http://www.example.com/users/362 with {} and HTTP headers {"HTTP_REFERER"=>"/sessions"}
REQUESTING PAGE: GET /signout with {} and HTTP headers {"HTTP_REFERER"=>"http://www.example.com/users/362"}
REQUESTING PAGE: GET http://www.example.com/ with {} and HTTP headers {"HTTP_REFERER"=>"/signout"}
REQUESTING PAGE: GET / with {} and HTTP headers {}
REQUESTING PAGE: GET /about with {} and HTTP headers {"HTTP_REFERER"=>"/"}
REQUESTING PAGE: GET /help with {} and HTTP headers {"HTTP_REFERER"=>"/about"}
REQUESTING PAGE: GET /contact with {} and HTTP headers {"HTTP_REFERER"=>"/help"}
REQUESTING PAGE: GET / with {} and HTTP headers {"HTTP_REFERER"=>"/contact"}
REQUESTING PAGE: GET /signup with {} and HTTP headers {"HTTP_REFERER"=>"/"}
REQUESTING PAGE: GET / with {} and HTTP headers {}
REQUESTING PAGE: GET /signin with {} and HTTP headers {}
REQUESTING PAGE: POST /sessions with {"utf8"=>"✓", "session"=>{"email"=>"mhartl@example.com", "password"=>"foobar"}, "commit"=>"Log in"} and HTTP headers {"HTTP_REFERER"=>"/signin"}
REQUESTING PAGE: GET http://www.example.com/users/363 with {} and HTTP headers {"HTTP_REFERER"=>"/sessions"}
REQUESTING PAGE: GET / with {} and HTTP headers {"HTTP_REFERER"=>"http://www.example.com/users/363"}
